----------------------------------------------------------------
Mon Mar 07 11:01:15 UTC 2022:
Booting Derby version The Apache Software Foundation - Apache Derby - 10.14.2.0 - (1828579): instance a816c00e-017f-640a-5cdf-00001c6a8260 
on database directory /var/opt/jfrog/artifactory/data/artifactory/derby with class loader java.net.URLClassLoader@65e2dbf3 
Loaded from file:/opt/jfrog/artifactory/app/artifactory/tomcat/lib/derby-10.14.2.0.jar
java.vendor=Eclipse Adoptium
java.runtime.version=11.0.13+8
user.dir=/var/opt/jfrog/artifactory
os.name=Linux
os.arch=amd64
os.version=4.15.0-163-generic
derby.system.home=null
derby.stream.error.file=/opt/jfrog/artifactory/var/log/derby.log
Database Class Loader started - derby.database.classpath=''
----------------------------------------------------------------
Mon Mar 07 11:01:21 UTC 2022:
Booting Derby version The Apache Software Foundation - Apache Derby - 10.14.2.0 - (1828579): instance e8f0c183-017f-640a-5cdf-00001c6a8260 
on database directory /var/opt/jfrog/artifactory/data/access/derby with class loader java.net.URLClassLoader@65e2dbf3 
Loaded from file:/opt/jfrog/artifactory/app/artifactory/tomcat/lib/derby-10.14.2.0.jar
java.vendor=Eclipse Adoptium
java.runtime.version=11.0.13+8
user.dir=/var/opt/jfrog/artifactory
os.name=Linux
os.arch=amd64
os.version=4.15.0-163-generic
derby.system.home=null
derby.stream.error.file=/opt/jfrog/artifactory/var/data/access/derbyderby.log
Database Class Loader started - derby.database.classpath=''
Mon Mar 07 11:01:30 UTC 2022 Thread[localhost-startStop-1,5,main] (XID = 71126), (SESSIONID = 1), (DATABASE = /opt/jfrog/artifactory/var/data/access/derby), (DRDAID = null), Cleanup action starting
Mon Mar 07 11:01:30 UTC 2022 Thread[localhost-startStop-1,5,main] (XID = 71126), (SESSIONID = 1), (DATABASE = /opt/jfrog/artifactory/var/data/access/derby), (DRDAID = null), Failed Statement is: INSERT INTO access_configs (config_name, modified, data) VALUES (?, ?, ?) with 3 parameters begin parameter #1: shared.security.joinKey :end parameter begin parameter #2: 1646650890782 :end parameter begin parameter #3: BLOB:Length=93 :end parameter 
ERROR 23505: The statement was aborted because it would have caused a duplicate key value in a unique or primary key constraint or unique index identified by 'ACCESS_CONFIGS_PK' defined on 'ACCESS_CONFIGS'.
	at org.apache.derby.iapi.error.StandardException.newException(Unknown Source)
	at org.apache.derby.iapi.error.StandardException.newException(Unknown Source)
	at org.apache.derby.impl.sql.execute.IndexChanger.insertAndCheckDups(Unknown Source)
	at org.apache.derby.impl.sql.execute.IndexChanger.doInsert(Unknown Source)
	at org.apache.derby.impl.sql.execute.IndexChanger.insert(Unknown Source)
	at org.apache.derby.impl.sql.execute.IndexSetChanger.insert(Unknown Source)
	at org.apache.derby.impl.sql.execute.RowChangerImpl.insertRow(Unknown Source)
	at org.apache.derby.impl.sql.execute.InsertResultSet.normalInsertCore(Unknown Source)
	at org.apache.derby.impl.sql.execute.InsertResultSet.open(Unknown Source)
	at org.apache.derby.impl.sql.GenericPreparedStatement.executeStmt(Unknown Source)
	at org.apache.derby.impl.sql.GenericPreparedStatement.execute(Unknown Source)
	at org.apache.derby.impl.jdbc.EmbedStatement.executeStatement(Unknown Source)
	at org.apache.derby.impl.jdbc.EmbedPreparedStatement.executeStatement(Unknown Source)
	at org.apache.derby.impl.jdbc.EmbedPreparedStatement.executeLargeUpdate(Unknown Source)
	at org.apache.derby.impl.jdbc.EmbedPreparedStatement.executeUpdate(Unknown Source)
	at com.zaxxer.hikari.pool.ProxyPreparedStatement.executeUpdate(ProxyPreparedStatement.java:61)
	at com.zaxxer.hikari.pool.HikariProxyPreparedStatement.executeUpdate(HikariProxyPreparedStatement.java)
	at org.jfrog.storage.JdbcHelper.executeUpdate(JdbcHelper.java:205)
	at org.jfrog.storage.JdbcHelper.executeUpdate(JdbcHelper.java:182)
	at org.jfrog.access.server.db.util.AccessJdbcHelperImpl.executeUpdate(AccessJdbcHelperImpl.java:123)
	at org.jfrog.access.server.db.dao.AccessConfigsDao.createConfig(AccessConfigsDao.java:59)
	at org.jfrog.access.server.db.dao.AccessConfigsDao$$FastClassBySpringCGLIB$$a31fa086.invoke(<generated>)
	at org.springframework.cglib.proxy.MethodProxy.invoke(MethodProxy.java:218)
	at org.springframework.aop.framework.CglibAopProxy$CglibMethodInvocation.invokeJoinpoint(CglibAopProxy.java:783)
	at org.springframework.aop.framework.ReflectiveMethodInvocation.proceed(ReflectiveMethodInvocation.java:163)
	at org.springframework.aop.framework.CglibAopProxy$CglibMethodInvocation.proceed(CglibAopProxy.java:753)
	at org.springframework.dao.support.PersistenceExceptionTranslationInterceptor.invoke(PersistenceExceptionTranslationInterceptor.java:137)
	at org.springframework.aop.framework.ReflectiveMethodInvocation.proceed(ReflectiveMethodInvocation.java:186)
	at org.springframework.aop.framework.CglibAopProxy$CglibMethodInvocation.proceed(CglibAopProxy.java:753)
	at org.springframework.aop.framework.CglibAopProxy$DynamicAdvisedInterceptor.intercept(CglibAopProxy.java:698)
	at org.jfrog.access.server.db.dao.AccessConfigsDao$$EnhancerBySpringCGLIB$$c3b89e31.createConfig(<generated>)
	at org.jfrog.access.server.startup.JoinKeyAccess.saveJoinKeyToDb(JoinKeyAccess.java:186)
	at org.jfrog.access.server.startup.JoinKeyAccess.saveJoinKey(JoinKeyAccess.java:87)
	at org.jfrog.access.server.startup.JoinKeyAccess.resolveJoinKey(JoinKeyAccess.java:81)
	at io.vavr.control.Try.of(Try.java:75)
	at org.jfrog.access.server.startup.JoinKeyAccess.init(JoinKeyAccess.java:67)
	at java.base/jdk.internal.reflect.NativeMethodAccessorImpl.invoke0(Native Method)
	at java.base/jdk.internal.reflect.NativeMethodAccessorImpl.invoke(NativeMethodAccessorImpl.java:62)
	at java.base/jdk.internal.reflect.DelegatingMethodAccessorImpl.invoke(DelegatingMethodAccessorImpl.java:43)
	at java.base/java.lang.reflect.Method.invoke(Method.java:566)
	at org.springframework.beans.factory.annotation.InitDestroyAnnotationBeanPostProcessor$LifecycleElement.invoke(InitDestroyAnnotationBeanPostProcessor.java:389)
	at org.springframework.beans.factory.annotation.InitDestroyAnnotationBeanPostProcessor$LifecycleMetadata.invokeInitMethods(InitDestroyAnnotationBeanPostProcessor.java:333)
	at org.springframework.beans.factory.annotation.InitDestroyAnnotationBeanPostProcessor.postProcessBeforeInitialization(InitDestroyAnnotationBeanPostProcessor.java:157)
	at org.springframework.beans.factory.support.AbstractAutowireCapableBeanFactory.applyBeanPostProcessorsBeforeInitialization(AbstractAutowireCapableBeanFactory.java:440)
	at org.springframework.beans.factory.support.AbstractAutowireCapableBeanFactory.initializeBean(AbstractAutowireCapableBeanFactory.java:1796)
	at org.springframework.beans.factory.support.AbstractAutowireCapableBeanFactory.doCreateBean(AbstractAutowireCapableBeanFactory.java:620)
	at org.springframework.beans.factory.support.AbstractAutowireCapableBeanFactory.createBean(AbstractAutowireCapableBeanFactory.java:542)
	at org.springframework.beans.factory.support.AbstractBeanFactory.lambda$doGetBean$0(AbstractBeanFactory.java:335)
	at org.springframework.beans.factory.support.DefaultSingletonBeanRegistry.getSingleton(DefaultSingletonBeanRegistry.java:234)
	at org.springframework.beans.factory.support.AbstractBeanFactory.doGetBean(AbstractBeanFactory.java:333)
	at org.springframework.beans.factory.support.AbstractBeanFactory.getBean(AbstractBeanFactory.java:208)
	at org.springframework.beans.factory.support.DefaultListableBeanFactory.preInstantiateSingletons(DefaultListableBeanFactory.java:944)
	at org.springframework.context.support.AbstractApplicationContext.finishBeanFactoryInitialization(AbstractApplicationContext.java:918)
	at org.springframework.context.support.AbstractApplicationContext.refresh(AbstractApplicationContext.java:583)
	at org.springframework.boot.web.servlet.context.ServletWebServerApplicationContext.refresh(ServletWebServerApplicationContext.java:145)
	at org.springframework.boot.SpringApplication.refresh(SpringApplication.java:765)
	at org.springframework.boot.SpringApplication.refreshContext(SpringApplication.java:445)
	at org.springframework.boot.SpringApplication.run(SpringApplication.java:338)
	at org.springframework.boot.web.servlet.support.SpringBootServletInitializer.run(SpringBootServletInitializer.java:175)
	at org.springframework.boot.web.servlet.support.SpringBootServletInitializer.createRootApplicationContext(SpringBootServletInitializer.java:155)
	at org.springframework.boot.web.servlet.support.SpringBootServletInitializer.onStartup(SpringBootServletInitializer.java:97)
	at org.springframework.web.SpringServletContainerInitializer.onStartup(SpringServletContainerInitializer.java:174)
	at org.apache.catalina.core.StandardContext.startInternal(StandardContext.java:5221)
	at org.apache.catalina.util.LifecycleBase.start(LifecycleBase.java:183)
	at org.apache.catalina.core.ContainerBase.addChildInternal(ContainerBase.java:753)
	at org.apache.catalina.core.ContainerBase.addChild(ContainerBase.java:727)
	at org.apache.catalina.core.StandardHost.addChild(StandardHost.java:695)
	at org.apache.catalina.startup.HostConfig.deployDescriptor(HostConfig.java:673)
	at org.apache.catalina.startup.HostConfig$DeployDescriptor.run(HostConfig.java:1881)
	at java.base/java.util.concurrent.Executors$RunnableAdapter.call(Executors.java:515)
	at java.base/java.util.concurrent.FutureTask.run(FutureTask.java:264)
	at java.base/java.util.concurrent.ThreadPoolExecutor.runWorker(ThreadPoolExecutor.java:1128)
	at java.base/java.util.concurrent.ThreadPoolExecutor$Worker.run(ThreadPoolExecutor.java:628)
	at java.base/java.lang.Thread.run(Thread.java:829)
Cleanup action completed
Mon Mar 07 11:09:01 UTC 2022 Thread[grpc-default-executor-7,5,main] (XID = 72037), (SESSIONID = 1), (DATABASE = /opt/jfrog/artifactory/var/data/access/derby), (DRDAID = null), Cleanup action starting
Mon Mar 07 11:09:01 UTC 2022 Thread[grpc-default-executor-7,5,main] (XID = 72037), (SESSIONID = 1), (DATABASE = /opt/jfrog/artifactory/var/data/access/derby), (DRDAID = null), Failed Statement is: INSERT INTO access_users_custom_data (user_id, prop_key, prop_value, prop_sensitive, prop_cluster_local) VALUES (?,?,?,?,?) with 5 parameters begin parameter #1: 1 :end parameter begin parameter #2: userCustomData :end parameter begin parameter #3: {"onboardingSteps":{"artifactory":{"index":1,"isDone":false,"children":[{"id":"create_repositories","isDone":false},{"id":"create_users","isDone":false},{"id":"create_groups","isDone":false},{"id":"set_permissions","isDone":false},{"id":"deploy_artifacts","isDone":false}]}},"userSkippedOnboarding":false,"wizardIsClosed":false,"createdPrevRepo":false,"userDismissedDeployBubble":false,"userSeenGuide":false,"userSeenGettingStarted":false,"projectsGettingStartedProgress":{"isNewNotificationVisible":false,"isNotificationBubbleActive":false,"shouldShowAnimationBubble":true,"isAnimationBubbleActive":true,"shouldShowSpecialTile":true,"shouldShowWhatsNextBubble":true,"isWhatsNextBubbleActive":false}} :end parameter begin parameter #4: 0 :end parameter begin parameter #5: 0 :end parameter 
ERROR 23505: The statement was aborted because it would have caused a duplicate key value in a unique or primary key constraint or unique index identified by 'ACCESS_USERS_DATA_PK' defined on 'ACCESS_USERS_CUSTOM_DATA'.
	at org.apache.derby.iapi.error.StandardException.newException(Unknown Source)
	at org.apache.derby.iapi.error.StandardException.newException(Unknown Source)
	at org.apache.derby.impl.sql.execute.IndexChanger.insertAndCheckDups(Unknown Source)
	at org.apache.derby.impl.sql.execute.IndexChanger.doInsert(Unknown Source)
	at org.apache.derby.impl.sql.execute.IndexChanger.insert(Unknown Source)
	at org.apache.derby.impl.sql.execute.IndexSetChanger.insert(Unknown Source)
	at org.apache.derby.impl.sql.execute.RowChangerImpl.insertRow(Unknown Source)
	at org.apache.derby.impl.sql.execute.InsertResultSet.normalInsertCore(Unknown Source)
	at org.apache.derby.impl.sql.execute.InsertResultSet.open(Unknown Source)
	at org.apache.derby.impl.sql.GenericPreparedStatement.executeStmt(Unknown Source)
	at org.apache.derby.impl.sql.GenericPreparedStatement.execute(Unknown Source)
	at org.apache.derby.impl.jdbc.EmbedStatement.executeStatement(Unknown Source)
	at org.apache.derby.impl.jdbc.EmbedPreparedStatement.executeStatement(Unknown Source)
	at org.apache.derby.impl.jdbc.EmbedPreparedStatement.executeLargeUpdate(Unknown Source)
	at org.apache.derby.impl.jdbc.EmbedPreparedStatement.executeUpdate(Unknown Source)
	at com.zaxxer.hikari.pool.ProxyPreparedStatement.executeUpdate(ProxyPreparedStatement.java:61)
	at com.zaxxer.hikari.pool.HikariProxyPreparedStatement.executeUpdate(HikariProxyPreparedStatement.java)
	at org.jfrog.storage.JdbcHelper.executeUpdate(JdbcHelper.java:205)
	at org.jfrog.storage.JdbcHelper.executeUpdate(JdbcHelper.java:182)
	at org.jfrog.storage.SqlDaoHelper.updatePagination(SqlDaoHelper.java:240)
	at org.jfrog.storage.SqlDaoHelper.paginationCreate(SqlDaoHelper.java:183)
	at org.jfrog.access.server.db.dao.CustomDataDaoHelper.createEntries(CustomDataDaoHelper.java:61)
	at org.jfrog.access.server.db.dao.UserCustomDataDao.createEntries(UserCustomDataDao.java:45)
	at org.jfrog.access.server.db.dao.UserCustomDataDao$$FastClassBySpringCGLIB$$1658614b.invoke(<generated>)
	at org.springframework.cglib.proxy.MethodProxy.invoke(MethodProxy.java:218)
	at org.springframework.aop.framework.CglibAopProxy$CglibMethodInvocation.invokeJoinpoint(CglibAopProxy.java:783)
	at org.springframework.aop.framework.ReflectiveMethodInvocation.proceed(ReflectiveMethodInvocation.java:163)
	at org.springframework.aop.framework.CglibAopProxy$CglibMethodInvocation.proceed(CglibAopProxy.java:753)
	at org.springframework.dao.support.PersistenceExceptionTranslationInterceptor.invoke(PersistenceExceptionTranslationInterceptor.java:137)
	at org.springframework.aop.framework.ReflectiveMethodInvocation.proceed(ReflectiveMethodInvocation.java:186)
	at org.springframework.aop.framework.CglibAopProxy$CglibMethodInvocation.proceed(CglibAopProxy.java:753)
	at org.springframework.aop.framework.CglibAopProxy$DynamicAdvisedInterceptor.intercept(CglibAopProxy.java:698)
	at org.jfrog.access.server.db.dao.UserCustomDataDao$$EnhancerBySpringCGLIB$$9d8b03a0.createEntries(<generated>)
	at org.jfrog.access.server.service.db.UserStorageServiceImpl.lambda$addCustomData$fa2020f0$1(UserStorageServiceImpl.java:505)
	at io.vavr.control.Try.mapTry(Try.java:634)
	at org.jfrog.access.server.service.db.UserStorageServiceImpl.addCustomData(UserStorageServiceImpl.java:505)
	at org.jfrog.access.server.service.db.UserStorageServiceImpl.lambda$upsertCustomData$a34078ef$1(UserStorageServiceImpl.java:491)
	at io.vavr.control.Try.of(Try.java:75)
	at org.jfrog.access.server.service.db.UserStorageServiceImpl.upsertCustomData(UserStorageServiceImpl.java:491)
	at org.jfrog.access.server.service.db.UserStorageServiceImpl$$FastClassBySpringCGLIB$$3672bcb1.invoke(<generated>)
	at org.springframework.cglib.proxy.MethodProxy.invoke(MethodProxy.java:218)
	at org.springframework.aop.framework.CglibAopProxy$DynamicAdvisedInterceptor.intercept(CglibAopProxy.java:689)
	at org.jfrog.access.server.service.db.UserStorageServiceImpl$$EnhancerBySpringCGLIB$$40556a86.upsertCustomData(<generated>)
	at org.jfrog.access.server.service.user.UsersServiceImpl.createOrUpdateCustomData(UsersServiceImpl.java:798)
	at org.jfrog.access.server.rpc.service.RpcUserResource.lambda$createOrUpdateCustomData$0(RpcUserResource.java:51)
	at org.jfrog.access.server.rpc.service.ErrorUtils.respond(ErrorUtils.java:38)
	at org.jfrog.access.server.rpc.service.RpcUserResource.createOrUpdateCustomData(RpcUserResource.java:50)
	at org.jfrog.access.proto.generated.UserResourceGrpc$MethodHandlers.invoke(UserResourceGrpc.java:618)
	at io.grpc.stub.ServerCalls$UnaryServerCallHandler$UnaryServerCallListener.onHalfClose(ServerCalls.java:182)
	at io.grpc.PartialForwardingServerCallListener.onHalfClose(PartialForwardingServerCallListener.java:35)
	at io.grpc.ForwardingServerCallListener.onHalfClose(ForwardingServerCallListener.java:23)
	at io.grpc.ForwardingServerCallListener$SimpleForwardingServerCallListener.onHalfClose(ForwardingServerCallListener.java:40)
	at org.jfrog.access.server.rpc.service.WrappingSimpleForwardingCallListener.lambda$onHalfClose$0(WrappingSimpleForwardingCallListener.java:15)
	at org.jfrog.access.server.rpc.service.InterceptorsUtils$ContextualizedPrincipalizedServerCallListener.wrap(InterceptorsUtils.java:94)
	at org.jfrog.access.server.rpc.service.WrappingSimpleForwardingCallListener.onHalfClose(WrappingSimpleForwardingCallListener.java:15)
	at io.grpc.PartialForwardingServerCallListener.onHalfClose(PartialForwardingServerCallListener.java:35)
	at io.grpc.ForwardingServerCallListener.onHalfClose(ForwardingServerCallListener.java:23)
	at io.grpc.ForwardingServerCallListener$SimpleForwardingServerCallListener.onHalfClose(ForwardingServerCallListener.java:40)
	at org.jfrog.access.server.rpc.service.WrappingSimpleForwardingCallListener.lambda$onHalfClose$0(WrappingSimpleForwardingCallListener.java:15)
	at org.jfrog.access.server.rpc.service.TracerServerInterceptor$ContextServerCallListener.wrap(TracerServerInterceptor.java:90)
	at org.jfrog.access.server.rpc.service.WrappingSimpleForwardingCallListener.onHalfClose(WrappingSimpleForwardingCallListener.java:15)
	at io.grpc.PartialForwardingServerCallListener.onHalfClose(PartialForwardingServerCallListener.java:35)
	at io.grpc.ForwardingServerCallListener.onHalfClose(ForwardingServerCallListener.java:23)
	at io.grpc.ForwardingServerCallListener$SimpleForwardingServerCallListener.onHalfClose(ForwardingServerCallListener.java:40)
	at io.grpc.Contexts$ContextualizedServerCallListener.onHalfClose(Contexts.java:86)
	at io.grpc.internal.ServerCallImpl$ServerStreamListenerImpl.halfClosed(ServerCallImpl.java:331)
	at io.grpc.internal.ServerImpl$JumpToApplicationThreadServerStreamListener$1HalfClosed.runInContext(ServerImpl.java:797)
	at io.grpc.internal.ContextRunnable.run(ContextRunnable.java:37)
	at io.grpc.internal.SerializingExecutor.run(SerializingExecutor.java:123)
	at java.base/java.util.concurrent.ThreadPoolExecutor.runWorker(ThreadPoolExecutor.java:1128)
	at java.base/java.util.concurrent.ThreadPoolExecutor$Worker.run(ThreadPoolExecutor.java:628)
	at java.base/java.lang.Thread.run(Thread.java:829)
Cleanup action completed
Mon Mar 07 11:09:01 UTC 2022 Thread[grpc-default-executor-11,5,main] (XID = 72039), (SESSIONID = 9), (DATABASE = /opt/jfrog/artifactory/var/data/access/derby), (DRDAID = null), Cleanup action starting
Mon Mar 07 11:09:01 UTC 2022 Thread[grpc-default-executor-11,5,main] (XID = 72039), (SESSIONID = 9), (DATABASE = /opt/jfrog/artifactory/var/data/access/derby), (DRDAID = null), Failed Statement is: INSERT INTO access_users_custom_data (user_id, prop_key, prop_value, prop_sensitive, prop_cluster_local) VALUES (?,?,?,?,?) with 5 parameters begin parameter #1: 1 :end parameter begin parameter #2: userCustomData :end parameter begin parameter #3: {"onboardingSteps":{"artifactory":{"index":1,"isDone":false,"children":[{"id":"create_repositories","isDone":false},{"id":"create_users","isDone":false},{"id":"create_groups","isDone":false},{"id":"set_permissions","isDone":false},{"id":"deploy_artifacts","isDone":false}]}},"userSkippedOnboarding":false,"wizardIsClosed":false,"createdPrevRepo":false,"userDismissedDeployBubble":false,"userSeenGuide":false,"userSeenGettingStarted":false,"projectsGettingStartedProgress":{"isNewNotificationVisible":false,"isNotificationBubbleActive":false,"shouldShowAnimationBubble":false,"isAnimationBubbleActive":true,"shouldShowSpecialTile":true,"shouldShowWhatsNextBubble":true,"isWhatsNextBubbleActive":false}} :end parameter begin parameter #4: 0 :end parameter begin parameter #5: 0 :end parameter 
ERROR 23505: The statement was aborted because it would have caused a duplicate key value in a unique or primary key constraint or unique index identified by 'ACCESS_USERS_DATA_PK' defined on 'ACCESS_USERS_CUSTOM_DATA'.
	at org.apache.derby.iapi.error.StandardException.newException(Unknown Source)
	at org.apache.derby.iapi.error.StandardException.newException(Unknown Source)
	at org.apache.derby.impl.sql.execute.IndexChanger.insertAndCheckDups(Unknown Source)
	at org.apache.derby.impl.sql.execute.IndexChanger.doInsert(Unknown Source)
	at org.apache.derby.impl.sql.execute.IndexChanger.insert(Unknown Source)
	at org.apache.derby.impl.sql.execute.IndexSetChanger.insert(Unknown Source)
	at org.apache.derby.impl.sql.execute.RowChangerImpl.insertRow(Unknown Source)
	at org.apache.derby.impl.sql.execute.InsertResultSet.normalInsertCore(Unknown Source)
	at org.apache.derby.impl.sql.execute.InsertResultSet.open(Unknown Source)
	at org.apache.derby.impl.sql.GenericPreparedStatement.executeStmt(Unknown Source)
	at org.apache.derby.impl.sql.GenericPreparedStatement.execute(Unknown Source)
	at org.apache.derby.impl.jdbc.EmbedStatement.executeStatement(Unknown Source)
	at org.apache.derby.impl.jdbc.EmbedPreparedStatement.executeStatement(Unknown Source)
	at org.apache.derby.impl.jdbc.EmbedPreparedStatement.executeLargeUpdate(Unknown Source)
	at org.apache.derby.impl.jdbc.EmbedPreparedStatement.executeUpdate(Unknown Source)
	at com.zaxxer.hikari.pool.ProxyPreparedStatement.executeUpdate(ProxyPreparedStatement.java:61)
	at com.zaxxer.hikari.pool.HikariProxyPreparedStatement.executeUpdate(HikariProxyPreparedStatement.java)
	at org.jfrog.storage.JdbcHelper.executeUpdate(JdbcHelper.java:205)
	at org.jfrog.storage.JdbcHelper.executeUpdate(JdbcHelper.java:182)
	at org.jfrog.storage.SqlDaoHelper.updatePagination(SqlDaoHelper.java:240)
	at org.jfrog.storage.SqlDaoHelper.paginationCreate(SqlDaoHelper.java:183)
	at org.jfrog.access.server.db.dao.CustomDataDaoHelper.createEntries(CustomDataDaoHelper.java:61)
	at org.jfrog.access.server.db.dao.UserCustomDataDao.createEntries(UserCustomDataDao.java:45)
	at org.jfrog.access.server.db.dao.UserCustomDataDao$$FastClassBySpringCGLIB$$1658614b.invoke(<generated>)
	at org.springframework.cglib.proxy.MethodProxy.invoke(MethodProxy.java:218)
	at org.springframework.aop.framework.CglibAopProxy$CglibMethodInvocation.invokeJoinpoint(CglibAopProxy.java:783)
	at org.springframework.aop.framework.ReflectiveMethodInvocation.proceed(ReflectiveMethodInvocation.java:163)
	at org.springframework.aop.framework.CglibAopProxy$CglibMethodInvocation.proceed(CglibAopProxy.java:753)
	at org.springframework.dao.support.PersistenceExceptionTranslationInterceptor.invoke(PersistenceExceptionTranslationInterceptor.java:137)
	at org.springframework.aop.framework.ReflectiveMethodInvocation.proceed(ReflectiveMethodInvocation.java:186)
	at org.springframework.aop.framework.CglibAopProxy$CglibMethodInvocation.proceed(CglibAopProxy.java:753)
	at org.springframework.aop.framework.CglibAopProxy$DynamicAdvisedInterceptor.intercept(CglibAopProxy.java:698)
	at org.jfrog.access.server.db.dao.UserCustomDataDao$$EnhancerBySpringCGLIB$$9d8b03a0.createEntries(<generated>)
	at org.jfrog.access.server.service.db.UserStorageServiceImpl.lambda$addCustomData$fa2020f0$1(UserStorageServiceImpl.java:505)
	at io.vavr.control.Try.mapTry(Try.java:634)
	at org.jfrog.access.server.service.db.UserStorageServiceImpl.addCustomData(UserStorageServiceImpl.java:505)
	at org.jfrog.access.server.service.db.UserStorageServiceImpl.lambda$upsertCustomData$a34078ef$1(UserStorageServiceImpl.java:491)
	at io.vavr.control.Try.of(Try.java:75)
	at org.jfrog.access.server.service.db.UserStorageServiceImpl.upsertCustomData(UserStorageServiceImpl.java:491)
	at org.jfrog.access.server.service.db.UserStorageServiceImpl$$FastClassBySpringCGLIB$$3672bcb1.invoke(<generated>)
	at org.springframework.cglib.proxy.MethodProxy.invoke(MethodProxy.java:218)
	at org.springframework.aop.framework.CglibAopProxy$DynamicAdvisedInterceptor.intercept(CglibAopProxy.java:689)
	at org.jfrog.access.server.service.db.UserStorageServiceImpl$$EnhancerBySpringCGLIB$$40556a86.upsertCustomData(<generated>)
	at org.jfrog.access.server.service.user.UsersServiceImpl.createOrUpdateCustomData(UsersServiceImpl.java:798)
	at org.jfrog.access.server.rpc.service.RpcUserResource.lambda$createOrUpdateCustomData$0(RpcUserResource.java:51)
	at org.jfrog.access.server.rpc.service.ErrorUtils.respond(ErrorUtils.java:38)
	at org.jfrog.access.server.rpc.service.RpcUserResource.createOrUpdateCustomData(RpcUserResource.java:50)
	at org.jfrog.access.proto.generated.UserResourceGrpc$MethodHandlers.invoke(UserResourceGrpc.java:618)
	at io.grpc.stub.ServerCalls$UnaryServerCallHandler$UnaryServerCallListener.onHalfClose(ServerCalls.java:182)
	at io.grpc.PartialForwardingServerCallListener.onHalfClose(PartialForwardingServerCallListener.java:35)
	at io.grpc.ForwardingServerCallListener.onHalfClose(ForwardingServerCallListener.java:23)
	at io.grpc.ForwardingServerCallListener$SimpleForwardingServerCallListener.onHalfClose(ForwardingServerCallListener.java:40)
	at org.jfrog.access.server.rpc.service.WrappingSimpleForwardingCallListener.lambda$onHalfClose$0(WrappingSimpleForwardingCallListener.java:15)
	at org.jfrog.access.server.rpc.service.InterceptorsUtils$ContextualizedPrincipalizedServerCallListener.wrap(InterceptorsUtils.java:94)
	at org.jfrog.access.server.rpc.service.WrappingSimpleForwardingCallListener.onHalfClose(WrappingSimpleForwardingCallListener.java:15)
	at io.grpc.PartialForwardingServerCallListener.onHalfClose(PartialForwardingServerCallListener.java:35)
	at io.grpc.ForwardingServerCallListener.onHalfClose(ForwardingServerCallListener.java:23)
	at io.grpc.ForwardingServerCallListener$SimpleForwardingServerCallListener.onHalfClose(ForwardingServerCallListener.java:40)
	at org.jfrog.access.server.rpc.service.WrappingSimpleForwardingCallListener.lambda$onHalfClose$0(WrappingSimpleForwardingCallListener.java:15)
	at org.jfrog.access.server.rpc.service.TracerServerInterceptor$ContextServerCallListener.wrap(TracerServerInterceptor.java:90)
	at org.jfrog.access.server.rpc.service.WrappingSimpleForwardingCallListener.onHalfClose(WrappingSimpleForwardingCallListener.java:15)
	at io.grpc.PartialForwardingServerCallListener.onHalfClose(PartialForwardingServerCallListener.java:35)
	at io.grpc.ForwardingServerCallListener.onHalfClose(ForwardingServerCallListener.java:23)
	at io.grpc.ForwardingServerCallListener$SimpleForwardingServerCallListener.onHalfClose(ForwardingServerCallListener.java:40)
	at io.grpc.Contexts$ContextualizedServerCallListener.onHalfClose(Contexts.java:86)
	at io.grpc.internal.ServerCallImpl$ServerStreamListenerImpl.halfClosed(ServerCallImpl.java:331)
	at io.grpc.internal.ServerImpl$JumpToApplicationThreadServerStreamListener$1HalfClosed.runInContext(ServerImpl.java:797)
	at io.grpc.internal.ContextRunnable.run(ContextRunnable.java:37)
	at io.grpc.internal.SerializingExecutor.run(SerializingExecutor.java:123)
	at java.base/java.util.concurrent.ThreadPoolExecutor.runWorker(ThreadPoolExecutor.java:1128)
	at java.base/java.util.concurrent.ThreadPoolExecutor$Worker.run(ThreadPoolExecutor.java:628)
	at java.base/java.lang.Thread.run(Thread.java:829)
Cleanup action completed
Mon Mar 07 11:09:02 UTC 2022 Thread[grpc-default-executor-9,5,main] (XID = 72057), (SESSIONID = 1), (DATABASE = /opt/jfrog/artifactory/var/data/access/derby), (DRDAID = null), Cleanup action starting
Mon Mar 07 11:09:02 UTC 2022 Thread[grpc-default-executor-9,5,main] (XID = 72057), (SESSIONID = 1), (DATABASE = /opt/jfrog/artifactory/var/data/access/derby), (DRDAID = null), Failed Statement is: INSERT INTO access_users_custom_data (user_id, prop_key, prop_value, prop_sensitive, prop_cluster_local) VALUES (?,?,?,?,?) with 5 parameters begin parameter #1: 1 :end parameter begin parameter #2: userCustomData :end parameter begin parameter #3: {"onboardingSteps":{"artifactory":{"index":1,"isDone":false,"children":[{"id":"create_repositories","isDone":false},{"id":"create_users","isDone":false},{"id":"create_groups","isDone":false},{"id":"set_permissions","isDone":false},{"id":"deploy_artifacts","isDone":false}]}},"userSkippedOnboarding":false,"wizardIsClosed":false,"createdPrevRepo":false,"userDismissedDeployBubble":false,"userSeenGuide":false,"userSeenGettingStarted":false,"projectsGettingStartedProgress":{"isNewNotificationVisible":false,"isNotificationBubbleActive":false,"shouldShowAnimationBubble":false,"isAnimationBubbleActive":false,"shouldShowSpecialTile":true,"shouldShowWhatsNextBubble":true,"isWhatsNextBubbleActive":false}} :end parameter begin parameter #4: 0 :end parameter begin parameter #5: 0 :end parameter 
ERROR 23505: The statement was aborted because it would have caused a duplicate key value in a unique or primary key constraint or unique index identified by 'ACCESS_USERS_DATA_PK' defined on 'ACCESS_USERS_CUSTOM_DATA'.
	at org.apache.derby.iapi.error.StandardException.newException(Unknown Source)
	at org.apache.derby.iapi.error.StandardException.newException(Unknown Source)
	at org.apache.derby.impl.sql.execute.IndexChanger.insertAndCheckDups(Unknown Source)
	at org.apache.derby.impl.sql.execute.IndexChanger.doInsert(Unknown Source)
	at org.apache.derby.impl.sql.execute.IndexChanger.insert(Unknown Source)
	at org.apache.derby.impl.sql.execute.IndexSetChanger.insert(Unknown Source)
	at org.apache.derby.impl.sql.execute.RowChangerImpl.insertRow(Unknown Source)
	at org.apache.derby.impl.sql.execute.InsertResultSet.normalInsertCore(Unknown Source)
	at org.apache.derby.impl.sql.execute.InsertResultSet.open(Unknown Source)
	at org.apache.derby.impl.sql.GenericPreparedStatement.executeStmt(Unknown Source)
	at org.apache.derby.impl.sql.GenericPreparedStatement.execute(Unknown Source)
	at org.apache.derby.impl.jdbc.EmbedStatement.executeStatement(Unknown Source)
	at org.apache.derby.impl.jdbc.EmbedPreparedStatement.executeStatement(Unknown Source)
	at org.apache.derby.impl.jdbc.EmbedPreparedStatement.executeLargeUpdate(Unknown Source)
	at org.apache.derby.impl.jdbc.EmbedPreparedStatement.executeUpdate(Unknown Source)
	at com.zaxxer.hikari.pool.ProxyPreparedStatement.executeUpdate(ProxyPreparedStatement.java:61)
	at com.zaxxer.hikari.pool.HikariProxyPreparedStatement.executeUpdate(HikariProxyPreparedStatement.java)
	at org.jfrog.storage.JdbcHelper.executeUpdate(JdbcHelper.java:205)
	at org.jfrog.storage.JdbcHelper.executeUpdate(JdbcHelper.java:182)
	at org.jfrog.storage.SqlDaoHelper.updatePagination(SqlDaoHelper.java:240)
	at org.jfrog.storage.SqlDaoHelper.paginationCreate(SqlDaoHelper.java:183)
	at org.jfrog.access.server.db.dao.CustomDataDaoHelper.createEntries(CustomDataDaoHelper.java:61)
	at org.jfrog.access.server.db.dao.UserCustomDataDao.createEntries(UserCustomDataDao.java:45)
	at org.jfrog.access.server.db.dao.UserCustomDataDao$$FastClassBySpringCGLIB$$1658614b.invoke(<generated>)
	at org.springframework.cglib.proxy.MethodProxy.invoke(MethodProxy.java:218)
	at org.springframework.aop.framework.CglibAopProxy$CglibMethodInvocation.invokeJoinpoint(CglibAopProxy.java:783)
	at org.springframework.aop.framework.ReflectiveMethodInvocation.proceed(ReflectiveMethodInvocation.java:163)
	at org.springframework.aop.framework.CglibAopProxy$CglibMethodInvocation.proceed(CglibAopProxy.java:753)
	at org.springframework.dao.support.PersistenceExceptionTranslationInterceptor.invoke(PersistenceExceptionTranslationInterceptor.java:137)
	at org.springframework.aop.framework.ReflectiveMethodInvocation.proceed(ReflectiveMethodInvocation.java:186)
	at org.springframework.aop.framework.CglibAopProxy$CglibMethodInvocation.proceed(CglibAopProxy.java:753)
	at org.springframework.aop.framework.CglibAopProxy$DynamicAdvisedInterceptor.intercept(CglibAopProxy.java:698)
	at org.jfrog.access.server.db.dao.UserCustomDataDao$$EnhancerBySpringCGLIB$$9d8b03a0.createEntries(<generated>)
	at org.jfrog.access.server.service.db.UserStorageServiceImpl.lambda$addCustomData$fa2020f0$1(UserStorageServiceImpl.java:505)
	at io.vavr.control.Try.mapTry(Try.java:634)
	at org.jfrog.access.server.service.db.UserStorageServiceImpl.addCustomData(UserStorageServiceImpl.java:505)
	at org.jfrog.access.server.service.db.UserStorageServiceImpl.lambda$upsertCustomData$a34078ef$1(UserStorageServiceImpl.java:491)
	at io.vavr.control.Try.of(Try.java:75)
	at org.jfrog.access.server.service.db.UserStorageServiceImpl.upsertCustomData(UserStorageServiceImpl.java:491)
	at org.jfrog.access.server.service.db.UserStorageServiceImpl$$FastClassBySpringCGLIB$$3672bcb1.invoke(<generated>)
	at org.springframework.cglib.proxy.MethodProxy.invoke(MethodProxy.java:218)
	at org.springframework.aop.framework.CglibAopProxy$DynamicAdvisedInterceptor.intercept(CglibAopProxy.java:689)
	at org.jfrog.access.server.service.db.UserStorageServiceImpl$$EnhancerBySpringCGLIB$$40556a86.upsertCustomData(<generated>)
	at org.jfrog.access.server.service.user.UsersServiceImpl.createOrUpdateCustomData(UsersServiceImpl.java:798)
	at org.jfrog.access.server.rpc.service.RpcUserResource.lambda$createOrUpdateCustomData$0(RpcUserResource.java:51)
	at org.jfrog.access.server.rpc.service.ErrorUtils.respond(ErrorUtils.java:38)
	at org.jfrog.access.server.rpc.service.RpcUserResource.createOrUpdateCustomData(RpcUserResource.java:50)
	at org.jfrog.access.proto.generated.UserResourceGrpc$MethodHandlers.invoke(UserResourceGrpc.java:618)
	at io.grpc.stub.ServerCalls$UnaryServerCallHandler$UnaryServerCallListener.onHalfClose(ServerCalls.java:182)
	at io.grpc.PartialForwardingServerCallListener.onHalfClose(PartialForwardingServerCallListener.java:35)
	at io.grpc.ForwardingServerCallListener.onHalfClose(ForwardingServerCallListener.java:23)
	at io.grpc.ForwardingServerCallListener$SimpleForwardingServerCallListener.onHalfClose(ForwardingServerCallListener.java:40)
	at org.jfrog.access.server.rpc.service.WrappingSimpleForwardingCallListener.lambda$onHalfClose$0(WrappingSimpleForwardingCallListener.java:15)
	at org.jfrog.access.server.rpc.service.InterceptorsUtils$ContextualizedPrincipalizedServerCallListener.wrap(InterceptorsUtils.java:94)
	at org.jfrog.access.server.rpc.service.WrappingSimpleForwardingCallListener.onHalfClose(WrappingSimpleForwardingCallListener.java:15)
	at io.grpc.PartialForwardingServerCallListener.onHalfClose(PartialForwardingServerCallListener.java:35)
	at io.grpc.ForwardingServerCallListener.onHalfClose(ForwardingServerCallListener.java:23)
	at io.grpc.ForwardingServerCallListener$SimpleForwardingServerCallListener.onHalfClose(ForwardingServerCallListener.java:40)
	at org.jfrog.access.server.rpc.service.WrappingSimpleForwardingCallListener.lambda$onHalfClose$0(WrappingSimpleForwardingCallListener.java:15)
	at org.jfrog.access.server.rpc.service.TracerServerInterceptor$ContextServerCallListener.wrap(TracerServerInterceptor.java:90)
	at org.jfrog.access.server.rpc.service.WrappingSimpleForwardingCallListener.onHalfClose(WrappingSimpleForwardingCallListener.java:15)
	at io.grpc.PartialForwardingServerCallListener.onHalfClose(PartialForwardingServerCallListener.java:35)
	at io.grpc.ForwardingServerCallListener.onHalfClose(ForwardingServerCallListener.java:23)
	at io.grpc.ForwardingServerCallListener$SimpleForwardingServerCallListener.onHalfClose(ForwardingServerCallListener.java:40)
	at io.grpc.Contexts$ContextualizedServerCallListener.onHalfClose(Contexts.java:86)
	at io.grpc.internal.ServerCallImpl$ServerStreamListenerImpl.halfClosed(ServerCallImpl.java:331)
	at io.grpc.internal.ServerImpl$JumpToApplicationThreadServerStreamListener$1HalfClosed.runInContext(ServerImpl.java:797)
	at io.grpc.internal.ContextRunnable.run(ContextRunnable.java:37)
	at io.grpc.internal.SerializingExecutor.run(SerializingExecutor.java:123)
	at java.base/java.util.concurrent.ThreadPoolExecutor.runWorker(ThreadPoolExecutor.java:1128)
	at java.base/java.util.concurrent.ThreadPoolExecutor$Worker.run(ThreadPoolExecutor.java:628)
	at java.base/java.lang.Thread.run(Thread.java:829)
Cleanup action completed
Mon Mar 07 11:09:03 UTC 2022 Thread[grpc-default-executor-9,5,main] (XID = 72064), (SESSIONID = 1), (DATABASE = /opt/jfrog/artifactory/var/data/access/derby), (DRDAID = null), Cleanup action starting
Mon Mar 07 11:09:03 UTC 2022 Thread[grpc-default-executor-9,5,main] (XID = 72064), (SESSIONID = 1), (DATABASE = /opt/jfrog/artifactory/var/data/access/derby), (DRDAID = null), Failed Statement is: INSERT INTO access_users_custom_data (user_id, prop_key, prop_value, prop_sensitive, prop_cluster_local) VALUES (?,?,?,?,?) with 5 parameters begin parameter #1: 1 :end parameter begin parameter #2: userCustomData :end parameter begin parameter #3: {"onboardingSteps":{"artifactory":{"index":1,"isDone":false,"children":[{"id":"create_repositories","isDone":false},{"id":"create_users","isDone":false},{"id":"create_groups","isDone":false},{"id":"set_permissions","isDone":false},{"id":"deploy_artifacts","isDone":false}]}},"userSkippedOnboarding":false,"wizardIsClosed":false,"createdPrevRepo":false,"userDismissedDeployBubble":false,"userSeenGuide":false,"userSeenGettingStarted":false,"projectsGettingStartedProgress":{"isNewNotificationVisible":false,"isNotificationBubbleActive":false,"shouldShowAnimationBubble":false,"isAnimationBubbleActive":false,"shouldShowSpecialTile":true,"shouldShowWhatsNextBubble":true,"isWhatsNextBubbleActive":false}} :end parameter begin parameter #4: 0 :end parameter begin parameter #5: 0 :end parameter 
ERROR 23505: The statement was aborted because it would have caused a duplicate key value in a unique or primary key constraint or unique index identified by 'ACCESS_USERS_DATA_PK' defined on 'ACCESS_USERS_CUSTOM_DATA'.
	at org.apache.derby.iapi.error.StandardException.newException(Unknown Source)
	at org.apache.derby.iapi.error.StandardException.newException(Unknown Source)
	at org.apache.derby.impl.sql.execute.IndexChanger.insertAndCheckDups(Unknown Source)
	at org.apache.derby.impl.sql.execute.IndexChanger.doInsert(Unknown Source)
	at org.apache.derby.impl.sql.execute.IndexChanger.insert(Unknown Source)
	at org.apache.derby.impl.sql.execute.IndexSetChanger.insert(Unknown Source)
	at org.apache.derby.impl.sql.execute.RowChangerImpl.insertRow(Unknown Source)
	at org.apache.derby.impl.sql.execute.InsertResultSet.normalInsertCore(Unknown Source)
	at org.apache.derby.impl.sql.execute.InsertResultSet.open(Unknown Source)
	at org.apache.derby.impl.sql.GenericPreparedStatement.executeStmt(Unknown Source)
	at org.apache.derby.impl.sql.GenericPreparedStatement.execute(Unknown Source)
	at org.apache.derby.impl.jdbc.EmbedStatement.executeStatement(Unknown Source)
	at org.apache.derby.impl.jdbc.EmbedPreparedStatement.executeStatement(Unknown Source)
	at org.apache.derby.impl.jdbc.EmbedPreparedStatement.executeLargeUpdate(Unknown Source)
	at org.apache.derby.impl.jdbc.EmbedPreparedStatement.executeUpdate(Unknown Source)
	at com.zaxxer.hikari.pool.ProxyPreparedStatement.executeUpdate(ProxyPreparedStatement.java:61)
	at com.zaxxer.hikari.pool.HikariProxyPreparedStatement.executeUpdate(HikariProxyPreparedStatement.java)
	at org.jfrog.storage.JdbcHelper.executeUpdate(JdbcHelper.java:205)
	at org.jfrog.storage.JdbcHelper.executeUpdate(JdbcHelper.java:182)
	at org.jfrog.storage.SqlDaoHelper.updatePagination(SqlDaoHelper.java:240)
	at org.jfrog.storage.SqlDaoHelper.paginationCreate(SqlDaoHelper.java:183)
	at org.jfrog.access.server.db.dao.CustomDataDaoHelper.createEntries(CustomDataDaoHelper.java:61)
	at org.jfrog.access.server.db.dao.UserCustomDataDao.createEntries(UserCustomDataDao.java:45)
	at org.jfrog.access.server.db.dao.UserCustomDataDao$$FastClassBySpringCGLIB$$1658614b.invoke(<generated>)
	at org.springframework.cglib.proxy.MethodProxy.invoke(MethodProxy.java:218)
	at org.springframework.aop.framework.CglibAopProxy$CglibMethodInvocation.invokeJoinpoint(CglibAopProxy.java:783)
	at org.springframework.aop.framework.ReflectiveMethodInvocation.proceed(ReflectiveMethodInvocation.java:163)
	at org.springframework.aop.framework.CglibAopProxy$CglibMethodInvocation.proceed(CglibAopProxy.java:753)
	at org.springframework.dao.support.PersistenceExceptionTranslationInterceptor.invoke(PersistenceExceptionTranslationInterceptor.java:137)
	at org.springframework.aop.framework.ReflectiveMethodInvocation.proceed(ReflectiveMethodInvocation.java:186)
	at org.springframework.aop.framework.CglibAopProxy$CglibMethodInvocation.proceed(CglibAopProxy.java:753)
	at org.springframework.aop.framework.CglibAopProxy$DynamicAdvisedInterceptor.intercept(CglibAopProxy.java:698)
	at org.jfrog.access.server.db.dao.UserCustomDataDao$$EnhancerBySpringCGLIB$$9d8b03a0.createEntries(<generated>)
	at org.jfrog.access.server.service.db.UserStorageServiceImpl.lambda$addCustomData$fa2020f0$1(UserStorageServiceImpl.java:505)
	at io.vavr.control.Try.mapTry(Try.java:634)
	at org.jfrog.access.server.service.db.UserStorageServiceImpl.addCustomData(UserStorageServiceImpl.java:505)
	at org.jfrog.access.server.service.db.UserStorageServiceImpl.lambda$upsertCustomData$a34078ef$1(UserStorageServiceImpl.java:491)
	at io.vavr.control.Try.of(Try.java:75)
	at org.jfrog.access.server.service.db.UserStorageServiceImpl.upsertCustomData(UserStorageServiceImpl.java:491)
	at org.jfrog.access.server.service.db.UserStorageServiceImpl$$FastClassBySpringCGLIB$$3672bcb1.invoke(<generated>)
	at org.springframework.cglib.proxy.MethodProxy.invoke(MethodProxy.java:218)
	at org.springframework.aop.framework.CglibAopProxy$DynamicAdvisedInterceptor.intercept(CglibAopProxy.java:689)
	at org.jfrog.access.server.service.db.UserStorageServiceImpl$$EnhancerBySpringCGLIB$$40556a86.upsertCustomData(<generated>)
	at org.jfrog.access.server.service.user.UsersServiceImpl.createOrUpdateCustomData(UsersServiceImpl.java:798)
	at org.jfrog.access.server.rpc.service.RpcUserResource.lambda$createOrUpdateCustomData$0(RpcUserResource.java:51)
	at org.jfrog.access.server.rpc.service.ErrorUtils.respond(ErrorUtils.java:38)
	at org.jfrog.access.server.rpc.service.RpcUserResource.createOrUpdateCustomData(RpcUserResource.java:50)
	at org.jfrog.access.proto.generated.UserResourceGrpc$MethodHandlers.invoke(UserResourceGrpc.java:618)
	at io.grpc.stub.ServerCalls$UnaryServerCallHandler$UnaryServerCallListener.onHalfClose(ServerCalls.java:182)
	at io.grpc.PartialForwardingServerCallListener.onHalfClose(PartialForwardingServerCallListener.java:35)
	at io.grpc.ForwardingServerCallListener.onHalfClose(ForwardingServerCallListener.java:23)
	at io.grpc.ForwardingServerCallListener$SimpleForwardingServerCallListener.onHalfClose(ForwardingServerCallListener.java:40)
	at org.jfrog.access.server.rpc.service.WrappingSimpleForwardingCallListener.lambda$onHalfClose$0(WrappingSimpleForwardingCallListener.java:15)
	at org.jfrog.access.server.rpc.service.InterceptorsUtils$ContextualizedPrincipalizedServerCallListener.wrap(InterceptorsUtils.java:94)
	at org.jfrog.access.server.rpc.service.WrappingSimpleForwardingCallListener.onHalfClose(WrappingSimpleForwardingCallListener.java:15)
	at io.grpc.PartialForwardingServerCallListener.onHalfClose(PartialForwardingServerCallListener.java:35)
	at io.grpc.ForwardingServerCallListener.onHalfClose(ForwardingServerCallListener.java:23)
	at io.grpc.ForwardingServerCallListener$SimpleForwardingServerCallListener.onHalfClose(ForwardingServerCallListener.java:40)
	at org.jfrog.access.server.rpc.service.WrappingSimpleForwardingCallListener.lambda$onHalfClose$0(WrappingSimpleForwardingCallListener.java:15)
	at org.jfrog.access.server.rpc.service.TracerServerInterceptor$ContextServerCallListener.wrap(TracerServerInterceptor.java:90)
	at org.jfrog.access.server.rpc.service.WrappingSimpleForwardingCallListener.onHalfClose(WrappingSimpleForwardingCallListener.java:15)
	at io.grpc.PartialForwardingServerCallListener.onHalfClose(PartialForwardingServerCallListener.java:35)
	at io.grpc.ForwardingServerCallListener.onHalfClose(ForwardingServerCallListener.java:23)
	at io.grpc.ForwardingServerCallListener$SimpleForwardingServerCallListener.onHalfClose(ForwardingServerCallListener.java:40)
	at io.grpc.Contexts$ContextualizedServerCallListener.onHalfClose(Contexts.java:86)
	at io.grpc.internal.ServerCallImpl$ServerStreamListenerImpl.halfClosed(ServerCallImpl.java:331)
	at io.grpc.internal.ServerImpl$JumpToApplicationThreadServerStreamListener$1HalfClosed.runInContext(ServerImpl.java:797)
	at io.grpc.internal.ContextRunnable.run(ContextRunnable.java:37)
	at io.grpc.internal.SerializingExecutor.run(SerializingExecutor.java:123)
	at java.base/java.util.concurrent.ThreadPoolExecutor.runWorker(ThreadPoolExecutor.java:1128)
	at java.base/java.util.concurrent.ThreadPoolExecutor$Worker.run(ThreadPoolExecutor.java:628)
	at java.base/java.lang.Thread.run(Thread.java:829)
Cleanup action completed
