app_self_metrics_calc_seconds 0.019 1646650911515
app_self_metrics_count_total 1 1646650911515
nodejs_heap_read_only_space_total 524288 1646650911515
nodejs_heap_read_only_space_used_total 35200 1646650911515
nodejs_heap_new_space_total 16777216 1646650911515
nodejs_heap_new_space_used_total 2111752 1646650911515
nodejs_heap_old_space_total 34312192 1646650911515
nodejs_heap_old_space_used_total 31098760 1646650911515
nodejs_heap_code_space_total 1572864 1646650911515
nodejs_heap_code_space_used_total 1124960 1646650911515
nodejs_heap_map_space_total 2633728 1646650911515
nodejs_heap_map_space_used_total 1727792 1646650911515
nodejs_heap_large_object_space_total 6373376 1646650911515
nodejs_heap_large_object_space_used_total 4993280 1646650911515

app_self_metrics_calc_seconds 0.003 1646650971508
app_self_metrics_count_total 1 1646650971508
nodejs_heap_read_only_space_total 524288 1646650971508
nodejs_heap_read_only_space_used_total 35200 1646650971508
nodejs_heap_new_space_total 16777216 1646650971508
nodejs_heap_new_space_used_total 6206688 1646650971508
nodejs_heap_old_space_total 34312192 1646650971508
nodejs_heap_old_space_used_total 31287064 1646650971508
nodejs_heap_code_space_total 1572864 1646650971508
nodejs_heap_code_space_used_total 1130528 1646650971508
nodejs_heap_map_space_total 2633728 1646650971508
nodejs_heap_map_space_used_total 1783056 1646650971508
nodejs_heap_large_object_space_total 6373376 1646650971508
nodejs_heap_large_object_space_used_total 4993280 1646650971508

app_self_metrics_calc_seconds 0.013 1646651031527
app_self_metrics_count_total 1 1646651031527
nodejs_heap_read_only_space_total 524288 1646651031527
nodejs_heap_read_only_space_used_total 35200 1646651031527
nodejs_heap_new_space_total 1048576 1646651031527
nodejs_heap_new_space_used_total 294640 1646651031527
nodejs_heap_old_space_total 35360768 1646651031527
nodejs_heap_old_space_used_total 32750016 1646651031527
nodejs_heap_code_space_total 1572864 1646651031527
nodejs_heap_code_space_used_total 1135680 1646651031527
nodejs_heap_map_space_total 2633728 1646651031527
nodejs_heap_map_space_used_total 1795904 1646651031527
nodejs_heap_large_object_space_total 6373376 1646651031527
nodejs_heap_large_object_space_used_total 4993280 1646651031527

app_self_metrics_calc_seconds 0.002 1646651091517
app_self_metrics_count_total 1 1646651091517
nodejs_heap_read_only_space_total 524288 1646651091517
nodejs_heap_read_only_space_used_total 35200 1646651091517
nodejs_heap_new_space_total 1048576 1646651091517
nodejs_heap_new_space_used_total 343400 1646651091517
nodejs_heap_old_space_total 35885056 1646651091517
nodejs_heap_old_space_used_total 33398432 1646651091517
nodejs_heap_code_space_total 1572864 1646651091517
nodejs_heap_code_space_used_total 1162336 1646651091517
nodejs_heap_map_space_total 2633728 1646651091517
nodejs_heap_map_space_used_total 1808576 1646651091517
nodejs_heap_large_object_space_total 6373376 1646651091517
nodejs_heap_large_object_space_used_total 4993280 1646651091517

app_self_metrics_calc_seconds 0.003 1646651151519
app_self_metrics_count_total 1 1646651151519
nodejs_heap_read_only_space_total 524288 1646651151519
nodejs_heap_read_only_space_used_total 35200 1646651151519
nodejs_heap_new_space_total 1048576 1646651151519
nodejs_heap_new_space_used_total 435728 1646651151519
nodejs_heap_old_space_total 36409344 1646651151519
nodejs_heap_old_space_used_total 33926248 1646651151519
nodejs_heap_code_space_total 1572864 1646651151519
nodejs_heap_code_space_used_total 1168704 1646651151519
nodejs_heap_map_space_total 2633728 1646651151519
nodejs_heap_map_space_used_total 1821248 1646651151519
nodejs_heap_large_object_space_total 6373376 1646651151519
nodejs_heap_large_object_space_used_total 4993280 1646651151519

app_self_metrics_calc_seconds 0.002 1646651211519
app_self_metrics_count_total 1 1646651211519
nodejs_heap_read_only_space_total 524288 1646651211519
nodejs_heap_read_only_space_used_total 35200 1646651211519
nodejs_heap_new_space_total 1048576 1646651211519
nodejs_heap_new_space_used_total 518064 1646651211519
nodejs_heap_old_space_total 36933632 1646651211519
nodejs_heap_old_space_used_total 34480304 1646651211519
nodejs_heap_code_space_total 1572864 1646651211519
nodejs_heap_code_space_used_total 1174784 1646651211519
nodejs_heap_map_space_total 2633728 1646651211519
nodejs_heap_map_space_used_total 1833920 1646651211519
nodejs_heap_large_object_space_total 6373376 1646651211519
nodejs_heap_large_object_space_used_total 4993280 1646651211519

app_self_metrics_calc_seconds 0.002 1646651271519
app_self_metrics_count_total 1 1646651271519
nodejs_heap_read_only_space_total 524288 1646651271519
nodejs_heap_read_only_space_used_total 35200 1646651271519
nodejs_heap_new_space_total 1048576 1646651271519
nodejs_heap_new_space_used_total 630552 1646651271519
nodejs_heap_old_space_total 37457920 1646651271519
nodejs_heap_old_space_used_total 35034880 1646651271519
nodejs_heap_code_space_total 1572864 1646651271519
nodejs_heap_code_space_used_total 1185568 1646651271519
nodejs_heap_map_space_total 2633728 1646651271519
nodejs_heap_map_space_used_total 1846592 1646651271519
nodejs_heap_large_object_space_total 6373376 1646651271519
nodejs_heap_large_object_space_used_total 4993280 1646651271519

app_self_metrics_calc_seconds 0.003 1646651331524
app_self_metrics_count_total 1 1646651331524
nodejs_heap_read_only_space_total 524288 1646651331524
nodejs_heap_read_only_space_used_total 35200 1646651331524
nodejs_heap_new_space_total 1048576 1646651331524
nodejs_heap_new_space_used_total 604480 1646651331524
nodejs_heap_old_space_total 40079360 1646651331524
nodejs_heap_old_space_used_total 33271384 1646651331524
nodejs_heap_code_space_total 2097152 1646651331524
nodejs_heap_code_space_used_total 1607552 1646651331524
nodejs_heap_map_space_total 2633728 1646651331524
nodejs_heap_map_space_used_total 1840256 1646651331524
nodejs_heap_large_object_space_total 5836800 1646651331524
nodejs_heap_large_object_space_used_total 4468952 1646651331524

app_self_metrics_calc_seconds 0 1646651391521
app_self_metrics_count_total 1 1646651391521
nodejs_heap_read_only_space_total 524288 1646651391521
nodejs_heap_read_only_space_used_total 35200 1646651391521
nodejs_heap_new_space_total 1048576 1646651391521
nodejs_heap_new_space_used_total 412992 1646651391521
nodejs_heap_old_space_total 38506496 1646651391521
nodejs_heap_old_space_used_total 35088816 1646651391521
nodejs_heap_code_space_total 2097152 1646651391521
nodejs_heap_code_space_used_total 1802528 1646651391521
nodejs_heap_map_space_total 2633728 1646651391521
nodejs_heap_map_space_used_total 1879768 1646651391521
nodejs_heap_large_object_space_total 5836800 1646651391521
nodejs_heap_large_object_space_used_total 4468952 1646651391521

app_self_metrics_calc_seconds 0.004 1646651451526
app_self_metrics_count_total 1 1646651451526
nodejs_heap_read_only_space_total 524288 1646651451526
nodejs_heap_read_only_space_used_total 35200 1646651451526
nodejs_heap_new_space_total 1048576 1646651451526
nodejs_heap_new_space_used_total 645392 1646651451526
nodejs_heap_old_space_total 38506496 1646651451526
nodejs_heap_old_space_used_total 35914536 1646651451526
nodejs_heap_code_space_total 2097152 1646651451526
nodejs_heap_code_space_used_total 1806848 1646651451526
nodejs_heap_map_space_total 2633728 1646651451526
nodejs_heap_map_space_used_total 1898688 1646651451526
nodejs_heap_large_object_space_total 5836800 1646651451526
nodejs_heap_large_object_space_used_total 4468952 1646651451526

app_self_metrics_calc_seconds 0.001 1646651511523
app_self_metrics_count_total 1 1646651511523
nodejs_heap_read_only_space_total 524288 1646651511523
nodejs_heap_read_only_space_used_total 35200 1646651511523
nodejs_heap_new_space_total 1048576 1646651511523
nodejs_heap_new_space_used_total 631720 1646651511523
nodejs_heap_old_space_total 39555072 1646651511523
nodejs_heap_old_space_used_total 36883032 1646651511523
nodejs_heap_code_space_total 2097152 1646651511523
nodejs_heap_code_space_used_total 1817760 1646651511523
nodejs_heap_map_space_total 2633728 1646651511523
nodejs_heap_map_space_used_total 1915144 1646651511523
nodejs_heap_large_object_space_total 5836800 1646651511523
nodejs_heap_large_object_space_used_total 4468952 1646651511523

app_self_metrics_calc_seconds 0.003 1646651571525
app_self_metrics_count_total 1 1646651571525
nodejs_heap_read_only_space_total 524288 1646651571525
nodejs_heap_read_only_space_used_total 35200 1646651571525
nodejs_heap_new_space_total 1048576 1646651571525
nodejs_heap_new_space_used_total 766272 1646651571525
nodejs_heap_old_space_total 40603648 1646651571525
nodejs_heap_old_space_used_total 37828656 1646651571525
nodejs_heap_code_space_total 2097152 1646651571525
nodejs_heap_code_space_used_total 1817760 1646651571525
nodejs_heap_map_space_total 2633728 1646651571525
nodejs_heap_map_space_used_total 1931160 1646651571525
nodejs_heap_large_object_space_total 5836800 1646651571525
nodejs_heap_large_object_space_used_total 4468952 1646651571525

app_self_metrics_calc_seconds 0.002 1646651631528
app_self_metrics_count_total 1 1646651631528
nodejs_heap_read_only_space_total 524288 1646651631528
nodejs_heap_read_only_space_used_total 35200 1646651631528
nodejs_heap_new_space_total 1048576 1646651631528
nodejs_heap_new_space_used_total 724272 1646651631528
nodejs_heap_old_space_total 41652224 1646651631528
nodejs_heap_old_space_used_total 39112200 1646651631528
nodejs_heap_code_space_total 2097152 1646651631528
nodejs_heap_code_space_used_total 1827872 1646651631528
nodejs_heap_map_space_total 2633728 1646651631528
nodejs_heap_map_space_used_total 1945944 1646651631528
nodejs_heap_large_object_space_total 5836800 1646651631528
nodejs_heap_large_object_space_used_total 4468952 1646651631528

app_self_metrics_calc_seconds 0.003 1646651691529
app_self_metrics_count_total 1 1646651691529
nodejs_heap_read_only_space_total 524288 1646651691529
nodejs_heap_read_only_space_used_total 35200 1646651691529
nodejs_heap_new_space_total 1048576 1646651691529
nodejs_heap_new_space_used_total 253384 1646651691529
nodejs_heap_old_space_total 41652224 1646651691529
nodejs_heap_old_space_used_total 34385704 1646651691529
nodejs_heap_code_space_total 2097152 1646651691529
nodejs_heap_code_space_used_total 1825952 1646651691529
nodejs_heap_map_space_total 2633728 1646651691529
nodejs_heap_map_space_used_total 1843776 1646651691529
nodejs_heap_large_object_space_total 5836800 1646651691529
nodejs_heap_large_object_space_used_total 4468952 1646651691529

app_self_metrics_calc_seconds 0.004 1646651751531
app_self_metrics_count_total 1 1646651751531
nodejs_heap_read_only_space_total 524288 1646651751531
nodejs_heap_read_only_space_used_total 35200 1646651751531
nodejs_heap_new_space_total 1048576 1646651751531
nodejs_heap_new_space_used_total 323864 1646651751531
nodejs_heap_old_space_total 41652224 1646651751531
nodejs_heap_old_space_used_total 35150896 1646651751531
nodejs_heap_code_space_total 2097152 1646651751531
nodejs_heap_code_space_used_total 1839648 1646651751531
nodejs_heap_map_space_total 2633728 1646651751531
nodejs_heap_map_space_used_total 1860672 1646651751531
nodejs_heap_large_object_space_total 5836800 1646651751531
nodejs_heap_large_object_space_used_total 4468952 1646651751531

app_self_metrics_calc_seconds 0 1646651811528
app_self_metrics_count_total 1 1646651811528
nodejs_heap_read_only_space_total 524288 1646651811528
nodejs_heap_read_only_space_used_total 35200 1646651811528
nodejs_heap_new_space_total 1048576 1646651811528
nodejs_heap_new_space_used_total 341864 1646651811528
nodejs_heap_old_space_total 42700800 1646651811528
nodejs_heap_old_space_used_total 35984968 1646651811528
nodejs_heap_code_space_total 2097152 1646651811528
nodejs_heap_code_space_used_total 1863808 1646651811528
nodejs_heap_map_space_total 2633728 1646651811528
nodejs_heap_map_space_used_total 1874400 1646651811528
nodejs_heap_large_object_space_total 5836800 1646651811528
nodejs_heap_large_object_space_used_total 4468952 1646651811528

app_self_metrics_calc_seconds 0.001 1646651871544
app_self_metrics_count_total 1 1646651871544
nodejs_heap_read_only_space_total 524288 1646651871544
nodejs_heap_read_only_space_used_total 35200 1646651871544
nodejs_heap_new_space_total 1048576 1646651871544
nodejs_heap_new_space_used_total 276280 1646651871544
nodejs_heap_old_space_total 42700800 1646651871544
nodejs_heap_old_space_used_total 36677264 1646651871544
nodejs_heap_code_space_total 2097152 1646651871544
nodejs_heap_code_space_used_total 1877088 1646651871544
nodejs_heap_map_space_total 2633728 1646651871544
nodejs_heap_map_space_used_total 1888128 1646651871544
nodejs_heap_large_object_space_total 5836800 1646651871544
nodejs_heap_large_object_space_used_total 4468952 1646651871544

app_self_metrics_calc_seconds 0.001 1646651931545
app_self_metrics_count_total 1 1646651931545
nodejs_heap_read_only_space_total 524288 1646651931545
nodejs_heap_read_only_space_used_total 35200 1646651931545
nodejs_heap_new_space_total 1048576 1646651931545
nodejs_heap_new_space_used_total 294816 1646651931545
nodejs_heap_old_space_total 42700800 1646651931545
nodejs_heap_old_space_used_total 37365808 1646651931545
nodejs_heap_code_space_total 2097152 1646651931545
nodejs_heap_code_space_used_total 1881888 1646651931545
nodejs_heap_map_space_total 2633728 1646651931545
nodejs_heap_map_space_used_total 1901856 1646651931545
nodejs_heap_large_object_space_total 5836800 1646651931545
nodejs_heap_large_object_space_used_total 4468952 1646651931545

app_self_metrics_calc_seconds 0.003 1646651991549
app_self_metrics_count_total 1 1646651991549
nodejs_heap_read_only_space_total 524288 1646651991549
nodejs_heap_read_only_space_used_total 35200 1646651991549
nodejs_heap_new_space_total 1048576 1646651991549
nodejs_heap_new_space_used_total 491480 1646651991549
nodejs_heap_old_space_total 42700800 1646651991549
nodejs_heap_old_space_used_total 38067472 1646651991549
nodejs_heap_code_space_total 2097152 1646651991549
nodejs_heap_code_space_used_total 1889536 1646651991549
nodejs_heap_map_space_total 2633728 1646651991549
nodejs_heap_map_space_used_total 1918488 1646651991549
nodejs_heap_large_object_space_total 5836800 1646651991549
nodejs_heap_large_object_space_used_total 4468952 1646651991549

app_self_metrics_calc_seconds 0.001 1646652051547
app_self_metrics_count_total 1 1646652051547
nodejs_heap_read_only_space_total 524288 1646652051547
nodejs_heap_read_only_space_used_total 35200 1646652051547
nodejs_heap_new_space_total 1048576 1646652051547
nodejs_heap_new_space_used_total 487440 1646652051547
nodejs_heap_old_space_total 42700800 1646652051547
nodejs_heap_old_space_used_total 39019536 1646652051547
nodejs_heap_code_space_total 2097152 1646652051547
nodejs_heap_code_space_used_total 1916800 1646652051547
nodejs_heap_map_space_total 2633728 1646652051547
nodejs_heap_map_space_used_total 1932304 1646652051547
nodejs_heap_large_object_space_total 5836800 1646652051547
nodejs_heap_large_object_space_used_total 4468952 1646652051547

app_self_metrics_calc_seconds 0.004 1646652111551
app_self_metrics_count_total 1 1646652111551
nodejs_heap_read_only_space_total 524288 1646652111551
nodejs_heap_read_only_space_used_total 35200 1646652111551
nodejs_heap_new_space_total 1048576 1646652111551
nodejs_heap_new_space_used_total 665568 1646652111551
nodejs_heap_old_space_total 44273664 1646652111551
nodejs_heap_old_space_used_total 36646456 1646652111551
nodejs_heap_code_space_total 2097152 1646652111551
nodejs_heap_code_space_used_total 1914496 1646652111551
nodejs_heap_map_space_total 2633728 1646652111551
nodejs_heap_map_space_used_total 1881880 1646652111551
nodejs_heap_large_object_space_total 5836800 1646652111551
nodejs_heap_large_object_space_used_total 4468952 1646652111551

app_self_metrics_calc_seconds 0.003 1646652171550
app_self_metrics_count_total 1 1646652171550
nodejs_heap_read_only_space_total 524288 1646652171550
nodejs_heap_read_only_space_used_total 35200 1646652171550
nodejs_heap_new_space_total 1048576 1646652171550
nodejs_heap_new_space_used_total 915488 1646652171550
nodejs_heap_old_space_total 41652224 1646652171550
nodejs_heap_old_space_used_total 33940944 1646652171550
nodejs_heap_code_space_total 2097152 1646652171550
nodejs_heap_code_space_used_total 1901216 1646652171550
nodejs_heap_map_space_total 2633728 1646652171550
nodejs_heap_map_space_used_total 1848704 1646652171550
nodejs_heap_large_object_space_total 5836800 1646652171550
nodejs_heap_large_object_space_used_total 4468952 1646652171550

app_self_metrics_calc_seconds 0.005 1646652231557
app_self_metrics_count_total 1 1646652231557
nodejs_heap_read_only_space_total 524288 1646652231557
nodejs_heap_read_only_space_used_total 35200 1646652231557
nodejs_heap_new_space_total 1048576 1646652231557
nodejs_heap_new_space_used_total 1002592 1646652231557
nodejs_heap_old_space_total 41652224 1646652231557
nodejs_heap_old_space_used_total 35117224 1646652231557
nodejs_heap_code_space_total 2097152 1646652231557
nodejs_heap_code_space_used_total 1923552 1646652231557
nodejs_heap_map_space_total 2633728 1646652231557
nodejs_heap_map_space_used_total 1867624 1646652231557
nodejs_heap_large_object_space_total 5836800 1646652231557
nodejs_heap_large_object_space_used_total 4468952 1646652231557

app_self_metrics_calc_seconds 0.004 1646652291557
app_self_metrics_count_total 1 1646652291557
nodejs_heap_read_only_space_total 524288 1646652291557
nodejs_heap_read_only_space_used_total 35200 1646652291557
nodejs_heap_new_space_total 1048576 1646652291557
nodejs_heap_new_space_used_total 986952 1646652291557
nodejs_heap_old_space_total 41652224 1646652291557
nodejs_heap_old_space_used_total 35964784 1646652291557
nodejs_heap_code_space_total 2621440 1646652291557
nodejs_heap_code_space_used_total 1948224 1646652291557
nodejs_heap_map_space_total 2633728 1646652291557
nodejs_heap_map_space_used_total 1882408 1646652291557
nodejs_heap_large_object_space_total 5836800 1646652291557
nodejs_heap_large_object_space_used_total 4468952 1646652291557

app_self_metrics_calc_seconds 0.002 1646652351555
app_self_metrics_count_total 1 1646652351555
nodejs_heap_read_only_space_total 524288 1646652351555
nodejs_heap_read_only_space_used_total 35200 1646652351555
nodejs_heap_new_space_total 1048576 1646652351555
nodejs_heap_new_space_used_total 228816 1646652351555
nodejs_heap_old_space_total 42700800 1646652351555
nodejs_heap_old_space_used_total 37295008 1646652351555
nodejs_heap_code_space_total 2621440 1646652351555
nodejs_heap_code_space_used_total 1980832 1646652351555
nodejs_heap_map_space_total 2633728 1646652351555
nodejs_heap_map_space_used_total 1898248 1646652351555
nodejs_heap_large_object_space_total 5836800 1646652351555
nodejs_heap_large_object_space_used_total 4468952 1646652351555

app_self_metrics_calc_seconds 0.002 1646652411556
app_self_metrics_count_total 1 1646652411556
nodejs_heap_read_only_space_total 524288 1646652411556
nodejs_heap_read_only_space_used_total 35200 1646652411556
nodejs_heap_new_space_total 1048576 1646652411556
nodejs_heap_new_space_used_total 304616 1646652411556
nodejs_heap_old_space_total 42700800 1646652411556
nodejs_heap_old_space_used_total 38120208 1646652411556
nodejs_heap_code_space_total 2621440 1646652411556
nodejs_heap_code_space_used_total 1983712 1646652411556
nodejs_heap_map_space_total 2633728 1646652411556
nodejs_heap_map_space_used_total 1913032 1646652411556
nodejs_heap_large_object_space_total 5836800 1646652411556
nodejs_heap_large_object_space_used_total 4468952 1646652411556

app_self_metrics_calc_seconds 0.002 1646652471558
app_self_metrics_count_total 1 1646652471558
nodejs_heap_read_only_space_total 524288 1646652471558
nodejs_heap_read_only_space_used_total 35200 1646652471558
nodejs_heap_new_space_total 1048576 1646652471558
nodejs_heap_new_space_used_total 370712 1646652471558
nodejs_heap_old_space_total 42700800 1646652471558
nodejs_heap_old_space_used_total 38956424 1646652471558
nodejs_heap_code_space_total 2621440 1646652471558
nodejs_heap_code_space_used_total 1996480 1646652471558
nodejs_heap_map_space_total 2633728 1646652471558
nodejs_heap_map_space_used_total 1927816 1646652471558
nodejs_heap_large_object_space_total 5836800 1646652471558
nodejs_heap_large_object_space_used_total 4468952 1646652471558

app_self_metrics_calc_seconds 0.002 1646652531560
app_self_metrics_count_total 1 1646652531560
nodejs_heap_read_only_space_total 524288 1646652531560
nodejs_heap_read_only_space_used_total 35200 1646652531560
nodejs_heap_new_space_total 1048576 1646652531560
nodejs_heap_new_space_used_total 286816 1646652531560
nodejs_heap_old_space_total 42700800 1646652531560
nodejs_heap_old_space_used_total 39651040 1646652531560
nodejs_heap_code_space_total 2621440 1646652531560
nodejs_heap_code_space_used_total 2004384 1646652531560
nodejs_heap_map_space_total 2633728 1646652531560
nodejs_heap_map_space_used_total 1941544 1646652531560
nodejs_heap_large_object_space_total 5836800 1646652531560
nodejs_heap_large_object_space_used_total 4468952 1646652531560

app_self_metrics_calc_seconds 0.003 1646652591561
app_self_metrics_count_total 1 1646652591561
nodejs_heap_read_only_space_total 524288 1646652591561
nodejs_heap_read_only_space_used_total 35200 1646652591561
nodejs_heap_new_space_total 1048576 1646652591561
nodejs_heap_new_space_used_total 455496 1646652591561
nodejs_heap_old_space_total 43225088 1646652591561
nodejs_heap_old_space_used_total 40356776 1646652591561
nodejs_heap_code_space_total 2621440 1646652591561
nodejs_heap_code_space_used_total 2015808 1646652591561
nodejs_heap_map_space_total 2633728 1646652591561
nodejs_heap_map_space_used_total 1958176 1646652591561
nodejs_heap_large_object_space_total 5836800 1646652591561
nodejs_heap_large_object_space_used_total 4468952 1646652591561

app_self_metrics_calc_seconds 0.005 1646652651585
app_self_metrics_count_total 1 1646652651585
nodejs_heap_read_only_space_total 524288 1646652651585
nodejs_heap_read_only_space_used_total 35200 1646652651585
nodejs_heap_new_space_total 1048576 1646652651585
nodejs_heap_new_space_used_total 750704 1646652651585
nodejs_heap_old_space_total 44273664 1646652651585
nodejs_heap_old_space_used_total 34611512 1646652651585
nodejs_heap_code_space_total 2621440 1646652651585
nodejs_heap_code_space_used_total 1991936 1646652651585
nodejs_heap_map_space_total 2633728 1646652651585
nodejs_heap_map_space_used_total 1854952 1646652651585
nodejs_heap_large_object_space_total 5836800 1646652651585
nodejs_heap_large_object_space_used_total 4468952 1646652651585

app_self_metrics_calc_seconds 0.002 1646652711583
app_self_metrics_count_total 1 1646652711583
nodejs_heap_read_only_space_total 524288 1646652711583
nodejs_heap_read_only_space_used_total 35200 1646652711583
nodejs_heap_new_space_total 1048576 1646652711583
nodejs_heap_new_space_used_total 250528 1646652711583
nodejs_heap_old_space_total 44797952 1646652711583
nodejs_heap_old_space_used_total 35862520 1646652711583
nodejs_heap_code_space_total 2621440 1646652711583
nodejs_heap_code_space_used_total 1997120 1646652711583
nodejs_heap_map_space_total 2633728 1646652711583
nodejs_heap_map_space_used_total 1880824 1646652711583
nodejs_heap_large_object_space_total 5836800 1646652711583
nodejs_heap_large_object_space_used_total 4468952 1646652711583

app_self_metrics_calc_seconds 0.001 1646652771582
app_self_metrics_count_total 1 1646652771582
nodejs_heap_read_only_space_total 524288 1646652771582
nodejs_heap_read_only_space_used_total 35200 1646652771582
nodejs_heap_new_space_total 8388608 1646652771582
nodejs_heap_new_space_used_total 1401704 1646652771582
nodejs_heap_old_space_total 44273664 1646652771582
nodejs_heap_old_space_used_total 33849576 1646652771582
nodejs_heap_code_space_total 2621440 1646652771582
nodejs_heap_code_space_used_total 1983360 1646652771582
nodejs_heap_map_space_total 2633728 1646652771582
nodejs_heap_map_space_used_total 1809632 1646652771582
nodejs_heap_large_object_space_total 5836800 1646652771582
nodejs_heap_large_object_space_used_total 4468952 1646652771582

app_self_metrics_calc_seconds 0 1646652831585
app_self_metrics_count_total 1 1646652831585
nodejs_heap_read_only_space_total 524288 1646652831585
nodejs_heap_read_only_space_used_total 35200 1646652831585
nodejs_heap_new_space_total 1048576 1646652831585
nodejs_heap_new_space_used_total 775888 1646652831585
nodejs_heap_old_space_total 44273664 1646652831585
nodejs_heap_old_space_used_total 35052408 1646652831585
nodejs_heap_code_space_total 2621440 1646652831585
nodejs_heap_code_space_used_total 1988320 1646652831585
nodejs_heap_map_space_total 2633728 1646652831585
nodejs_heap_map_space_used_total 1867712 1646652831585
nodejs_heap_large_object_space_total 5836800 1646652831585
nodejs_heap_large_object_space_used_total 4468952 1646652831585

app_self_metrics_calc_seconds 0.001 1646652891586
app_self_metrics_count_total 1 1646652891586
nodejs_heap_read_only_space_total 524288 1646652891586
nodejs_heap_read_only_space_used_total 35200 1646652891586
nodejs_heap_new_space_total 1048576 1646652891586
nodejs_heap_new_space_used_total 814992 1646652891586
nodejs_heap_old_space_total 44273664 1646652891586
nodejs_heap_old_space_used_total 35991728 1646652891586
nodejs_heap_code_space_total 2621440 1646652891586
nodejs_heap_code_space_used_total 1991808 1646652891586
nodejs_heap_map_space_total 2633728 1646652891586
nodejs_heap_map_space_used_total 1882760 1646652891586
nodejs_heap_large_object_space_total 5836800 1646652891586
nodejs_heap_large_object_space_used_total 4468952 1646652891586

app_self_metrics_calc_seconds 0.002 1646652951602
app_self_metrics_count_total 1 1646652951602
nodejs_heap_read_only_space_total 524288 1646652951602
nodejs_heap_read_only_space_used_total 35200 1646652951602
nodejs_heap_new_space_total 1048576 1646652951602
nodejs_heap_new_space_used_total 849336 1646652951602
nodejs_heap_old_space_total 44273664 1646652951602
nodejs_heap_old_space_used_total 36974184 1646652951602
nodejs_heap_code_space_total 2621440 1646652951602
nodejs_heap_code_space_used_total 2010048 1646652951602
nodejs_heap_map_space_total 2633728 1646652951602
nodejs_heap_map_space_used_total 1898600 1646652951602
nodejs_heap_large_object_space_total 5836800 1646652951602
nodejs_heap_large_object_space_used_total 4468952 1646652951602

app_self_metrics_calc_seconds 0.003 1646653011604
app_self_metrics_count_total 1 1646653011604
nodejs_heap_read_only_space_total 524288 1646653011604
nodejs_heap_read_only_space_used_total 35200 1646653011604
nodejs_heap_new_space_total 1048576 1646653011604
nodejs_heap_new_space_used_total 736464 1646653011604
nodejs_heap_old_space_total 45322240 1646653011604
nodejs_heap_old_space_used_total 38050592 1646653011604
nodejs_heap_code_space_total 2621440 1646653011604
nodejs_heap_code_space_used_total 2029504 1646653011604
nodejs_heap_map_space_total 2633728 1646653011604
nodejs_heap_map_space_used_total 1913384 1646653011604
nodejs_heap_large_object_space_total 5836800 1646653011604
nodejs_heap_large_object_space_used_total 4468952 1646653011604

app_self_metrics_calc_seconds 0.003 1646653071605
app_self_metrics_count_total 1 1646653071605
nodejs_heap_read_only_space_total 524288 1646653071605
nodejs_heap_read_only_space_used_total 35200 1646653071605
nodejs_heap_new_space_total 1048576 1646653071605
nodejs_heap_new_space_used_total 743624 1646653071605
nodejs_heap_old_space_total 45322240 1646653071605
nodejs_heap_old_space_used_total 38871872 1646653071605
nodejs_heap_code_space_total 2621440 1646653071605
nodejs_heap_code_space_used_total 2035360 1646653071605
nodejs_heap_map_space_total 2633728 1646653071605
nodejs_heap_map_space_used_total 1928168 1646653071605
nodejs_heap_large_object_space_total 5836800 1646653071605
nodejs_heap_large_object_space_used_total 4468952 1646653071605

app_self_metrics_calc_seconds 0.003 1646653131617
app_self_metrics_count_total 1 1646653131617
nodejs_heap_read_only_space_total 524288 1646653131617
nodejs_heap_read_only_space_used_total 35200 1646653131617
nodejs_heap_new_space_total 1048576 1646653131617
nodejs_heap_new_space_used_total 580680 1646653131617
nodejs_heap_old_space_total 45322240 1646653131617
nodejs_heap_old_space_used_total 39575664 1646653131617
nodejs_heap_code_space_total 2621440 1646653131617
nodejs_heap_code_space_used_total 2043488 1646653131617
nodejs_heap_map_space_total 2633728 1646653131617
nodejs_heap_map_space_used_total 1941896 1646653131617
nodejs_heap_large_object_space_total 5836800 1646653131617
nodejs_heap_large_object_space_used_total 4468952 1646653131617

app_self_metrics_calc_seconds 0.003 1646653191617
app_self_metrics_count_total 1 1646653191617
nodejs_heap_read_only_space_total 524288 1646653191617
nodejs_heap_read_only_space_used_total 35200 1646653191617
nodejs_heap_new_space_total 1048576 1646653191617
nodejs_heap_new_space_used_total 763472 1646653191617
nodejs_heap_old_space_total 45322240 1646653191617
nodejs_heap_old_space_used_total 40265256 1646653191617
nodejs_heap_code_space_total 2621440 1646653191617
nodejs_heap_code_space_used_total 2048768 1646653191617
nodejs_heap_map_space_total 2633728 1646653191617
nodejs_heap_map_space_used_total 1958528 1646653191617
nodejs_heap_large_object_space_total 5836800 1646653191617
nodejs_heap_large_object_space_used_total 4468952 1646653191617

app_self_metrics_calc_seconds 0.001 1646653251622
app_self_metrics_count_total 1 1646653251622
nodejs_heap_read_only_space_total 524288 1646653251622
nodejs_heap_read_only_space_used_total 35200 1646653251622
nodejs_heap_new_space_total 1048576 1646653251622
nodejs_heap_new_space_used_total 750632 1646653251622
nodejs_heap_old_space_total 45322240 1646653251622
nodejs_heap_old_space_used_total 40960080 1646653251622
nodejs_heap_code_space_total 2621440 1646653251622
nodejs_heap_code_space_used_total 2051200 1646653251622
nodejs_heap_map_space_total 2633728 1646653251622
nodejs_heap_map_space_used_total 1972256 1646653251622
nodejs_heap_large_object_space_total 5836800 1646653251622
nodejs_heap_large_object_space_used_total 4468952 1646653251622

app_self_metrics_calc_seconds 0.003 1646653311624
app_self_metrics_count_total 1 1646653311624
nodejs_heap_read_only_space_total 524288 1646653311624
nodejs_heap_read_only_space_used_total 35200 1646653311624
nodejs_heap_new_space_total 1048576 1646653311624
nodejs_heap_new_space_used_total 609096 1646653311624
nodejs_heap_old_space_total 45322240 1646653311624
nodejs_heap_old_space_used_total 41836816 1646653311624
nodejs_heap_code_space_total 2621440 1646653311624
nodejs_heap_code_space_used_total 2075424 1646653311624
nodejs_heap_map_space_total 2633728 1646653311624
nodejs_heap_map_space_used_total 1987656 1646653311624
nodejs_heap_large_object_space_total 5836800 1646653311624
nodejs_heap_large_object_space_used_total 4468952 1646653311624

app_self_metrics_calc_seconds 0.003 1646653371625
app_self_metrics_count_total 1 1646653371625
nodejs_heap_read_only_space_total 524288 1646653371625
nodejs_heap_read_only_space_used_total 35200 1646653371625
nodejs_heap_new_space_total 1048576 1646653371625
nodejs_heap_new_space_used_total 492608 1646653371625
nodejs_heap_old_space_total 35885056 1646653371625
nodejs_heap_old_space_used_total 32763528 1646653371625
nodejs_heap_code_space_total 2621440 1646653371625
nodejs_heap_code_space_used_total 2008832 1646653371625
nodejs_heap_map_space_total 2633728 1646653371625
nodejs_heap_map_space_used_total 1796080 1646653371625
nodejs_heap_large_object_space_total 5836800 1646653371625
nodejs_heap_large_object_space_used_total 4468952 1646653371625

app_self_metrics_calc_seconds 0.002 1646653431625
app_self_metrics_count_total 1 1646653431625
nodejs_heap_read_only_space_total 524288 1646653431625
nodejs_heap_read_only_space_used_total 35200 1646653431625
nodejs_heap_new_space_total 1048576 1646653431625
nodejs_heap_new_space_used_total 824928 1646653431625
nodejs_heap_old_space_total 36933632 1646653431625
nodejs_heap_old_space_used_total 33637592 1646653431625
nodejs_heap_code_space_total 2621440 1646653431625
nodejs_heap_code_space_used_total 2022048 1646653431625
nodejs_heap_map_space_total 2633728 1646653431625
nodejs_heap_map_space_used_total 1859968 1646653431625
nodejs_heap_large_object_space_total 5836800 1646653431625
nodejs_heap_large_object_space_used_total 4468952 1646653431625

app_self_metrics_calc_seconds 0.005 1646653491645
app_self_metrics_count_total 1 1646653491645
nodejs_heap_read_only_space_total 524288 1646653491645
nodejs_heap_read_only_space_used_total 35200 1646653491645
nodejs_heap_new_space_total 1048576 1646653491645
nodejs_heap_new_space_used_total 909664 1646653491645
nodejs_heap_old_space_total 36933632 1646653491645
nodejs_heap_old_space_used_total 34382192 1646653491645
nodejs_heap_code_space_total 2621440 1646653491645
nodejs_heap_code_space_used_total 2024672 1646653491645
nodejs_heap_map_space_total 2633728 1646653491645
nodejs_heap_map_space_used_total 1875632 1646653491645
nodejs_heap_large_object_space_total 5836800 1646653491645
nodejs_heap_large_object_space_used_total 4468952 1646653491645

app_self_metrics_calc_seconds 0.006 1646653551665
app_self_metrics_count_total 1 1646653551665
nodejs_heap_read_only_space_total 524288 1646653551665
nodejs_heap_read_only_space_used_total 35200 1646653551665
nodejs_heap_new_space_total 1048576 1646653551665
nodejs_heap_new_space_used_total 933856 1646653551665
nodejs_heap_old_space_total 37457920 1646653551665
nodejs_heap_old_space_used_total 35097584 1646653551665
nodejs_heap_code_space_total 2621440 1646653551665
nodejs_heap_code_space_used_total 2045184 1646653551665
nodejs_heap_map_space_total 2633728 1646653551665
nodejs_heap_map_space_used_total 1889888 1646653551665
nodejs_heap_large_object_space_total 5836800 1646653551665
nodejs_heap_large_object_space_used_total 4468952 1646653551665

app_self_metrics_calc_seconds 0.003 1646653611662
app_self_metrics_count_total 1 1646653611662
nodejs_heap_read_only_space_total 524288 1646653611662
nodejs_heap_read_only_space_used_total 35200 1646653611662
nodejs_heap_new_space_total 1048576 1646653611662
nodejs_heap_new_space_used_total 910528 1646653611662
nodejs_heap_old_space_total 38506496 1646653611662
nodejs_heap_old_space_used_total 35900952 1646653611662
nodejs_heap_code_space_total 2621440 1646653611662
nodejs_heap_code_space_used_total 2045184 1646653611662
nodejs_heap_map_space_total 2633728 1646653611662
nodejs_heap_map_space_used_total 1903616 1646653611662
nodejs_heap_large_object_space_total 5836800 1646653611662
nodejs_heap_large_object_space_used_total 4468952 1646653611662

app_self_metrics_calc_seconds 0.002 1646653671662
app_self_metrics_count_total 1 1646653671662
nodejs_heap_read_only_space_total 524288 1646653671662
nodejs_heap_read_only_space_used_total 35200 1646653671662
nodejs_heap_new_space_total 1048576 1646653671662
nodejs_heap_new_space_used_total 867120 1646653671662
nodejs_heap_old_space_total 39030784 1646653671662
nodejs_heap_old_space_used_total 36600552 1646653671662
nodejs_heap_code_space_total 2621440 1646653671662
nodejs_heap_code_space_used_total 2050336 1646653671662
nodejs_heap_map_space_total 2633728 1646653671662
nodejs_heap_map_space_used_total 1917344 1646653671662
nodejs_heap_large_object_space_total 5836800 1646653671662
nodejs_heap_large_object_space_used_total 4468952 1646653671662

